Started HTTP and WebSocket JSON-RPC server at http://127.0.0.1:8545/

Accounts
========

WARNING: These accounts, and their private keys, are publicly known.
Any funds sent to them on Mainnet or any other live network WILL BE LOST.

Account #0: 0xf39Fd6e51aad88F6F4ce6aB8827279cffFb92266 (18 ETH)
Private Key: 0xac0974bec39a17e36ba4a6b4d238ff944bacb478cbed5efcae784d7bf4f2ff80

Account #1: 0x70997970C51812dc3A010C7d01b50e0d17dc79C8 (18 ETH)
Private Key: 0x59c6995e998f97a5a0044966f0945389dc9e86dae88c7a8412f4603b6b78690d

Account #2: 0x3C44CdDdB6a900fa2b585dd299e03d12FA4293BC (18 ETH)
Private Key: 0x5de4111afa1a4b94908f83103eb1f1706367c2e68ca870fc3fb9a804cdab365a

Account #3: 0x90F79bf6EB2c4f870365E785982E1f101E93b906 (18 ETH)
Private Key: 0x7c852118294e51e653712a81e05800f419141751be58f605c371e15141b007a6

Account #4: 0x15d34AAf54267DB7D7c367839AAf71A00a2C6A65 (18 ETH)
Private Key: 0x47e179ec197488593b187f80a00eb0da91f1b9d0b13f8733639f19c30a34926a

Account #5: 0x9965507D1a55bcC2695C58ba16FB37d819B0A4dc (18 ETH)
Private Key: 0x8b3a350cf5c34c9194ca85829a2df0ec3153be0318b5e2d3348e872092edffba

Account #6: 0x976EA74026E726554dB657fA54763abd0C3a0aa9 (18 ETH)
Private Key: 0x92db14e403b83dfe3df233f83dfa3a0d7096f21ca9b0d6d6b8d88b2b4ec1564e

Account #7: 0x14dC79964da2C08b23698B3D3cc7Ca32193d9955 (18 ETH)
Private Key: 0x4bbbf85ce3377467afe5d46f804f221813b2bb87f24d81f60f1fcdbf7cbf4356

Account #8: 0x23618e81E3f5cdF7f54C3d65f7FBc0aBf5B21E8f (18 ETH)
Private Key: 0xdbda1821b80551c9d65939329250298aa3472ba22feea921c0cf5d620ea67b97

Account #9: 0xa0Ee7A142d267C1f36714E4a8F75612F20a79720 (18 ETH)
Private Key: 0x2a871d0798f97d79848a013d4936a73bf4cc922c825d33c1cf7073dff6d409c6

Account #10: 0xBcd4042DE499D14e55001CcbB24a551F3b954096 (18 ETH)
Private Key: 0xf214f2b2cd398c806f84e317254e0f0b801d0643303237d97a22a48e01628897

Account #11: 0x71bE63f3384f5fb98995898A86B02Fb2426c5788 (18 ETH)
Private Key: 0x701b615bbdfb9de65240bc28bd21bbc0d996645a3dd57e7b12bc2bdf6f192c82

Account #12: 0xFABB0ac9d68B0B445fB7357272Ff202C5651694a (18 ETH)
Private Key: 0xa267530f49f8280200edf313ee7af6b827f2a8bce2897751d06a843f644967b1

Account #13: 0x1CBd3b2770909D4e10f157cABC84C7264073C9Ec (18 ETH)
Private Key: 0x47c99abed3324a2707c28affff1267e45918ec8c3f20b8aa892e8b065d2942dd

Account #14: 0xdF3e18d64BC6A983f673Ab319CCaE4f1a57C7097 (18 ETH)
Private Key: 0xc526ee95bf44d8fc405a158bb884d9d1238d99f0612e9f33d006bb0789009aaa

Account #15: 0xcd3B766CCDd6AE721141F452C550Ca635964ce71 (18 ETH)
Private Key: 0x8166f546bab6da521a8369cab06c5d2b9e46670292d85c875ee9ec20e84ffb61

Account #16: 0x2546BcD3c84621e976D8185a91A922aE77ECEc30 (18 ETH)
Private Key: 0xea6c44ac03bff858b476bba40716402b03e41b8e97e276d1baec7c37d42484a0

Account #17: 0xbDA5747bFD65F08deb54cb465eB87D40e51B197E (18 ETH)
Private Key: 0x689af8efa8c651a91ad287602527f3af2fe9f6501a7ac4b061667b5a93e037fd

Account #18: 0xdD2FD4581271e230360230F9337D5c0430Bf44C0 (18 ETH)
Private Key: 0xde9be858da4a475276426320d5e9262ecfc3ba460bfac56360bfa6c4c28b4ee0

Account #19: 0x8626f6940E2eb28930eFb4CeF49B2d1F2C9C1199 (18 ETH)
Private Key: 0xdf57089febbacf7ba0bc227dafbffa9fc08a93fdc68e1e42411a14efcf23656e

WARNING: These accounts, and their private keys, are publicly known.
Any funds sent to them on Mainnet or any other live network WILL BE LOST.

Mined empty block #1 with base fee 0
Mined empty block range #1 to #2
Mined empty block range #1 to #3
Mined empty block range #1 to #4
Mined empty block range #1 to #5
[32mnet_listening[0m
Mined empty block #6 with base fee 0
Mined empty block range #6 to #7
Mined empty block range #6 to #8
Mined empty block range #6 to #9
Mined empty block range #6 to #10
Mined empty block range #6 to #11
Mined empty block range #6 to #12
Mined empty block range #6 to #13
Mined empty block range #6 to #14
Mined empty block range #6 to #15
Mined empty block range #6 to #16
Mined empty block range #6 to #17
Mined empty block range #6 to #18
Mined empty block range #6 to #19
Mined empty block range #6 to #20
Mined empty block range #6 to #21
Mined empty block range #6 to #22
Mined empty block range #6 to #23
Mined empty block range #6 to #24
Mined empty block range #6 to #25
Mined empty block range #6 to #26
Mined empty block range #6 to #27
Mined empty block range #6 to #28
Mined empty block range #6 to #29
Mined empty block range #6 to #30
Mined empty block range #6 to #31
Mined empty block range #6 to #32
Mined empty block range #6 to #33
Mined empty block range #6 to #34
Mined empty block range #6 to #35
Mined empty block range #6 to #36
Mined empty block range #6 to #37
Mined empty block range #6 to #38
Mined empty block range #6 to #39
Mined empty block range #6 to #40
Mined empty block range #6 to #41
Mined empty block range #6 to #42
Mined empty block range #6 to #43
Mined empty block range #6 to #44
Mined empty block range #6 to #45
Mined empty block range #6 to #46
Mined empty block range #6 to #47
Mined empty block range #6 to #48
Mined empty block range #6 to #49
Mined empty block range #6 to #50
Mined empty block range #6 to #51
Mined empty block range #6 to #52
Mined empty block range #6 to #53
Mined empty block range #6 to #54
Mined empty block range #6 to #55
Mined empty block range #6 to #56
Mined empty block range #6 to #57
Mined empty block range #6 to #58
Mined empty block range #6 to #59
Mined empty block range #6 to #60
Mined empty block range #6 to #61
Mined empty block range #6 to #62
Mined empty block range #6 to #63
Mined empty block range #6 to #64
Mined empty block range #6 to #65
Mined empty block range #6 to #66
Mined empty block range #6 to #67
Mined empty block range #6 to #68
Mined empty block range #6 to #69
Mined empty block range #6 to #70
Mined empty block range #6 to #71
Mined empty block range #6 to #72
Mined empty block range #6 to #73
Mined empty block range #6 to #74
Mined empty block range #6 to #75
Mined empty block range #6 to #76
Mined empty block range #6 to #77
Mined empty block range #6 to #78
Mined empty block range #6 to #79
Mined empty block range #6 to #80
Mined empty block range #6 to #81
Mined empty block range #6 to #82
Mined empty block range #6 to #83
Mined empty block range #6 to #84
Mined empty block range #6 to #85
Mined empty block range #6 to #86
Mined empty block range #6 to #87
Mined empty block range #6 to #88
Mined empty block range #6 to #89
Mined empty block range #6 to #90
Mined empty block range #6 to #91
Mined empty block range #6 to #92
Mined empty block range #6 to #93
Mined empty block range #6 to #94
Mined empty block range #6 to #95
Mined empty block range #6 to #96
Mined empty block range #6 to #97
Mined empty block range #6 to #98
Mined empty block range #6 to #99
Mined empty block range #6 to #100
Mined empty block range #6 to #101
Mined empty block range #6 to #102
Mined empty block range #6 to #103
Mined empty block range #6 to #104
Mined empty block range #6 to #105
Mined empty block range #6 to #106
Mined empty block range #6 to #107
Mined empty block range #6 to #108
Mined empty block range #6 to #109
Mined empty block range #6 to #110
Mined empty block range #6 to #111
Mined empty block range #6 to #112
Mined empty block range #6 to #113
Mined empty block range #6 to #114
Mined empty block range #6 to #115
Mined empty block range #6 to #116
Mined empty block range #6 to #117
Mined empty block range #6 to #118
Mined empty block range #6 to #119
Mined empty block range #6 to #120
Mined empty block range #6 to #121
Mined empty block range #6 to #122
Mined empty block range #6 to #123
Mined empty block range #6 to #124
Mined empty block range #6 to #125
Mined empty block range #6 to #126
Mined empty block range #6 to #127
Mined empty block range #6 to #128
Mined empty block range #6 to #129
Mined empty block range #6 to #130
Mined empty block range #6 to #131
Mined empty block range #6 to #132
Mined empty block range #6 to #133
Mined empty block range #6 to #134
Mined empty block range #6 to #135
Mined empty block range #6 to #136
Mined empty block range #6 to #137
Mined empty block range #6 to #138
Mined empty block range #6 to #139
Mined empty block range #6 to #140
Mined empty block range #6 to #141
Mined empty block range #6 to #142
Mined empty block range #6 to #143
Mined empty block range #6 to #144
Mined empty block range #6 to #145
Mined empty block range #6 to #146
Mined empty block range #6 to #147
Mined empty block range #6 to #148
Mined empty block range #6 to #149
Mined empty block range #6 to #150
Mined empty block range #6 to #151
Mined empty block range #6 to #152
Mined empty block range #6 to #153
Mined empty block range #6 to #154
Mined empty block range #6 to #155
Mined empty block range #6 to #156
Mined empty block range #6 to #157
Mined empty block range #6 to #158
Mined empty block range #6 to #159
Mined empty block range #6 to #160
Mined empty block range #6 to #161
Mined empty block range #6 to #162
Mined empty block range #6 to #163
Mined empty block range #6 to #164
Mined empty block range #6 to #165
Mined empty block range #6 to #166
Mined empty block range #6 to #167
Mined empty block range #6 to #168
Mined empty block range #6 to #169
Mined empty block range #6 to #170
Mined empty block range #6 to #171
Mined empty block range #6 to #172
Mined empty block range #6 to #173
Mined empty block range #6 to #174
Mined empty block range #6 to #175
Mined empty block range #6 to #176
Mined empty block range #6 to #177
Mined empty block range #6 to #178
Mined empty block range #6 to #179
Mined empty block range #6 to #180
Mined empty block range #6 to #181
Mined empty block range #6 to #182
Mined empty block range #6 to #183
Mined empty block range #6 to #184
Mined empty block range #6 to #185
Mined empty block range #6 to #186
Mined empty block range #6 to #187
Mined empty block range #6 to #188
Mined empty block range #6 to #189
Mined empty block range #6 to #190
Mined empty block range #6 to #191
Mined empty block range #6 to #192
Mined empty block range #6 to #193
Mined empty block range #6 to #194
Mined empty block range #6 to #195
Mined empty block range #6 to #196
Mined empty block range #6 to #197
Mined empty block range #6 to #198
Mined empty block range #6 to #199
Mined empty block range #6 to #200
Mined empty block range #6 to #201
Mined empty block range #6 to #202
Mined empty block range #6 to #203
Mined empty block range #6 to #204
Mined empty block range #6 to #205
Mined empty block range #6 to #206
Mined empty block range #6 to #207
Mined empty block range #6 to #208
Mined empty block range #6 to #209
Mined empty block range #6 to #210
Mined empty block range #6 to #211
Mined empty block range #6 to #212
Mined empty block range #6 to #213
Mined empty block range #6 to #214
Mined empty block range #6 to #215
Mined empty block range #6 to #216
Mined empty block range #6 to #217
Mined empty block range #6 to #218
Mined empty block range #6 to #219
Mined empty block range #6 to #220
Mined empty block range #6 to #221
Mined empty block range #6 to #222
Mined empty block range #6 to #223
Mined empty block range #6 to #224
Mined empty block range #6 to #225
Mined empty block range #6 to #226
Mined empty block range #6 to #227
Mined empty block range #6 to #228
Mined empty block range #6 to #229
Mined empty block range #6 to #230
Mined empty block range #6 to #231
Mined empty block range #6 to #232
Mined empty block range #6 to #233
Mined empty block range #6 to #234
Mined empty block range #6 to #235
Mined empty block range #6 to #236
Mined empty block range #6 to #237
Mined empty block range #6 to #238
Mined empty block range #6 to #239
Mined empty block range #6 to #240
Mined empty block range #6 to #241
Mined empty block range #6 to #242
Mined empty block range #6 to #243
Mined empty block range #6 to #244
Mined empty block range #6 to #245
Mined empty block range #6 to #246
Mined empty block range #6 to #247
Mined empty block range #6 to #248
Mined empty block range #6 to #249
Mined empty block range #6 to #250
Mined empty block range #6 to #251
Mined empty block range #6 to #252
Mined empty block range #6 to #253
Mined empty block range #6 to #254
Mined empty block range #6 to #255
Mined empty block range #6 to #256
Mined empty block range #6 to #257
Mined empty block range #6 to #258
Mined empty block range #6 to #259
Mined empty block range #6 to #260
Mined empty block range #6 to #261
Mined empty block range #6 to #262
Mined empty block range #6 to #263
Mined empty block range #6 to #264
Mined empty block range #6 to #265
Mined empty block range #6 to #266
Mined empty block range #6 to #267
Mined empty block range #6 to #268
Mined empty block range #6 to #269
Mined empty block range #6 to #270
Mined empty block range #6 to #271
Mined empty block range #6 to #272
Mined empty block range #6 to #273
Mined empty block range #6 to #274
Mined empty block range #6 to #275
Mined empty block range #6 to #276
Mined empty block range #6 to #277
Mined empty block range #6 to #278
Mined empty block range #6 to #279
Mined empty block range #6 to #280
Mined empty block range #6 to #281
Mined empty block range #6 to #282
Mined empty block range #6 to #283
Mined empty block range #6 to #284
Mined empty block range #6 to #285
Mined empty block range #6 to #286
Mined empty block range #6 to #287
Mined empty block range #6 to #288
Mined empty block range #6 to #289
Mined empty block range #6 to #290
Mined empty block range #6 to #291
Mined empty block range #6 to #292
Mined empty block range #6 to #293
Mined empty block range #6 to #294
Mined empty block range #6 to #295
Mined empty block range #6 to #296
Mined empty block range #6 to #297
Mined empty block range #6 to #298
Mined empty block range #6 to #299
Mined empty block range #6 to #300
Mined empty block range #6 to #301
Mined empty block range #6 to #302
Mined empty block range #6 to #303
Mined empty block range #6 to #304
Mined empty block range #6 to #305
Mined empty block range #6 to #306
Mined empty block range #6 to #307
Mined empty block range #6 to #308
Mined empty block range #6 to #309
Mined empty block range #6 to #310
Mined empty block range #6 to #311
Mined empty block range #6 to #312
Mined empty block range #6 to #313
Mined empty block range #6 to #314
Mined empty block range #6 to #315
Mined empty block range #6 to #316
Mined empty block range #6 to #317
Mined empty block range #6 to #318
Mined empty block range #6 to #319
Mined empty block range #6 to #320
Mined empty block range #6 to #321
Mined empty block range #6 to #322
Mined empty block range #6 to #323
Mined empty block range #6 to #324
Mined empty block range #6 to #325
Mined empty block range #6 to #326
Mined empty block range #6 to #327
Mined empty block range #6 to #328
Mined empty block range #6 to #329
Mined empty block range #6 to #330
Mined empty block range #6 to #331
Mined empty block range #6 to #332
Mined empty block range #6 to #333
Mined empty block range #6 to #334
Mined empty block range #6 to #335
Mined empty block range #6 to #336
Mined empty block range #6 to #337
Mined empty block range #6 to #338
Mined empty block range #6 to #339
Mined empty block range #6 to #340
Mined empty block range #6 to #341
Mined empty block range #6 to #342
Mined empty block range #6 to #343
Mined empty block range #6 to #344
Mined empty block range #6 to #345
Mined empty block range #6 to #346
Mined empty block range #6 to #347
Mined empty block range #6 to #348
Mined empty block range #6 to #349
Mined empty block range #6 to #350
Mined empty block range #6 to #351
Mined empty block range #6 to #352
Mined empty block range #6 to #353
Mined empty block range #6 to #354
Mined empty block range #6 to #355
Mined empty block range #6 to #356
Mined empty block range #6 to #357
Mined empty block range #6 to #358
Mined empty block range #6 to #359
Mined empty block range #6 to #360
Mined empty block range #6 to #361
Mined empty block range #6 to #362
Mined empty block range #6 to #363
Mined empty block range #6 to #364
Mined empty block range #6 to #365
Mined empty block range #6 to #366
Mined empty block range #6 to #367
Mined empty block range #6 to #368
Mined empty block range #6 to #369
Mined empty block range #6 to #370
Mined empty block range #6 to #371
Mined empty block range #6 to #372
Mined empty block range #6 to #373
Mined empty block range #6 to #374
Mined empty block range #6 to #375
Mined empty block range #6 to #376
Mined empty block range #6 to #377
Mined empty block range #6 to #378
Mined empty block range #6 to #379
Mined empty block range #6 to #380
Mined empty block range #6 to #381
Mined empty block range #6 to #382
Mined empty block range #6 to #383
Mined empty block range #6 to #384
Mined empty block range #6 to #385
Mined empty block range #6 to #386
Mined empty block range #6 to #387
Mined empty block range #6 to #388
Mined empty block range #6 to #389
Mined empty block range #6 to #390
Mined empty block range #6 to #391
Mined empty block range #6 to #392
Mined empty block range #6 to #393
Mined empty block range #6 to #394
Mined empty block range #6 to #395
Mined empty block range #6 to #396
Mined empty block range #6 to #397
Mined empty block range #6 to #398
Mined empty block range #6 to #399
Mined empty block range #6 to #400
Mined empty block range #6 to #401
Mined empty block range #6 to #402
Mined empty block range #6 to #403
Mined empty block range #6 to #404
Mined empty block range #6 to #405
Mined empty block range #6 to #406
Mined empty block range #6 to #407
Mined empty block range #6 to #408
Mined empty block range #6 to #409
Mined empty block range #6 to #410
Mined empty block range #6 to #411
Mined empty block range #6 to #412
Mined empty block range #6 to #413
Mined empty block range #6 to #414
Mined empty block range #6 to #415
Mined empty block range #6 to #416
Mined empty block range #6 to #417
Mined empty block range #6 to #418
Mined empty block range #6 to #419
Mined empty block range #6 to #420
Mined empty block range #6 to #421
Mined empty block range #6 to #422
Mined empty block range #6 to #423
Mined empty block range #6 to #424
Mined empty block range #6 to #425
Mined empty block range #6 to #426
Mined empty block range #6 to #427
Mined empty block range #6 to #428
Mined empty block range #6 to #429
Mined empty block range #6 to #430
Mined empty block range #6 to #431
Mined empty block range #6 to #432
Mined empty block range #6 to #433
Mined empty block range #6 to #434
Mined empty block range #6 to #435
Mined empty block range #6 to #436
Mined empty block range #6 to #437
Mined empty block range #6 to #438
Mined empty block range #6 to #439
Mined empty block range #6 to #440
Mined empty block range #6 to #441
Mined empty block range #6 to #442
Mined empty block range #6 to #443
Mined empty block range #6 to #444
Mined empty block range #6 to #445
Mined empty block range #6 to #446
Mined empty block range #6 to #447
Mined empty block range #6 to #448
Mined empty block range #6 to #449
Mined empty block range #6 to #450
Mined empty block range #6 to #451
Mined empty block range #6 to #452
Mined empty block range #6 to #453
Mined empty block range #6 to #454
Mined empty block range #6 to #455
Mined empty block range #6 to #456
Mined empty block range #6 to #457
Mined empty block range #6 to #458
Mined empty block range #6 to #459
Mined empty block range #6 to #460
Mined empty block range #6 to #461
Mined empty block range #6 to #462
Mined empty block range #6 to #463
Mined empty block range #6 to #464
Mined empty block range #6 to #465
Mined empty block range #6 to #466
Mined empty block range #6 to #467
Mined empty block range #6 to #468
Mined empty block range #6 to #469
Mined empty block range #6 to #470
Mined empty block range #6 to #471
Mined empty block range #6 to #472
Mined empty block range #6 to #473
Mined empty block range #6 to #474
Mined empty block range #6 to #475
Mined empty block range #6 to #476
Mined empty block range #6 to #477
Mined empty block range #6 to #478
Mined empty block range #6 to #479
Mined empty block range #6 to #480
Mined empty block range #6 to #481
Mined empty block range #6 to #482
Mined empty block range #6 to #483
Mined empty block range #6 to #484
Mined empty block range #6 to #485
Mined empty block range #6 to #486
Mined empty block range #6 to #487
Mined empty block range #6 to #488
Mined empty block range #6 to #489
Mined empty block range #6 to #490
Mined empty block range #6 to #491
Mined empty block range #6 to #492
Mined empty block range #6 to #493
Mined empty block range #6 to #494
Mined empty block range #6 to #495
Mined empty block range #6 to #496
Mined empty block range #6 to #497
Mined empty block range #6 to #498
Mined empty block range #6 to #499
Mined empty block range #6 to #500
Mined empty block range #6 to #501
Mined empty block range #6 to #502
Mined empty block range #6 to #503
Mined empty block range #6 to #504
Mined empty block range #6 to #505
Mined empty block range #6 to #506
Mined empty block range #6 to #507
Mined empty block range #6 to #508
Mined empty block range #6 to #509
Mined empty block range #6 to #510
Mined empty block range #6 to #511
Mined empty block range #6 to #512
Mined empty block range #6 to #513
Mined empty block range #6 to #514
Mined empty block range #6 to #515
Mined empty block range #6 to #516
Mined empty block range #6 to #517
Mined empty block range #6 to #518
Mined empty block range #6 to #519
Mined empty block range #6 to #520
Mined empty block range #6 to #521
Mined empty block range #6 to #522
Mined empty block range #6 to #523
Mined empty block range #6 to #524
Mined empty block range #6 to #525
Mined empty block range #6 to #526
Mined empty block range #6 to #527
Mined empty block range #6 to #528
Mined empty block range #6 to #529
Mined empty block range #6 to #530
Mined empty block range #6 to #531
Mined empty block range #6 to #532
Mined empty block range #6 to #533
Mined empty block range #6 to #534
Mined empty block range #6 to #535
Mined empty block range #6 to #536
Mined empty block range #6 to #537
Mined empty block range #6 to #538
Mined empty block range #6 to #539
Mined empty block range #6 to #540
Mined empty block range #6 to #541
Mined empty block range #6 to #542
Mined empty block range #6 to #543
Mined empty block range #6 to #544
Mined empty block range #6 to #545
Mined empty block range #6 to #546
Mined empty block range #6 to #547
Mined empty block range #6 to #548
Mined empty block range #6 to #549
Mined empty block range #6 to #550
Mined empty block range #6 to #551
Mined empty block range #6 to #552
Mined empty block range #6 to #553
Mined empty block range #6 to #554
Mined empty block range #6 to #555
Mined empty block range #6 to #556
Mined empty block range #6 to #557
Mined empty block range #6 to #558
Mined empty block range #6 to #559
Mined empty block range #6 to #560
Mined empty block range #6 to #561
Mined empty block range #6 to #562
Mined empty block range #6 to #563
Mined empty block range #6 to #564
Mined empty block range #6 to #565
Mined empty block range #6 to #566
Mined empty block range #6 to #567
Mined empty block range #6 to #568
Mined empty block range #6 to #569
Mined empty block range #6 to #570
Mined empty block range #6 to #571
Mined empty block range #6 to #572
Mined empty block range #6 to #573
Mined empty block range #6 to #574
Mined empty block range #6 to #575
Mined empty block range #6 to #576
Mined empty block range #6 to #577
Mined empty block range #6 to #578
Mined empty block range #6 to #579
Mined empty block range #6 to #580
Mined empty block range #6 to #581
Mined empty block range #6 to #582
Mined empty block range #6 to #583
Mined empty block range #6 to #584
Mined empty block range #6 to #585
Mined empty block range #6 to #586
Mined empty block range #6 to #587
Mined empty block range #6 to #588
Mined empty block range #6 to #589
Mined empty block range #6 to #590
Mined empty block range #6 to #591
Mined empty block range #6 to #592
Mined empty block range #6 to #593
Mined empty block range #6 to #594
Mined empty block range #6 to #595
Mined empty block range #6 to #596
Mined empty block range #6 to #597
Mined empty block range #6 to #598
Mined empty block range #6 to #599
Mined empty block range #6 to #600
Mined empty block range #6 to #601
Mined empty block range #6 to #602
Mined empty block range #6 to #603
Mined empty block range #6 to #604
Mined empty block range #6 to #605
Mined empty block range #6 to #606
Mined empty block range #6 to #607
Mined empty block range #6 to #608
Mined empty block range #6 to #609
Mined empty block range #6 to #610
Mined empty block range #6 to #611
Mined empty block range #6 to #612
Mined empty block range #6 to #613
Mined empty block range #6 to #614
Mined empty block range #6 to #615
Mined empty block range #6 to #616
Mined empty block range #6 to #617
Mined empty block range #6 to #618
Mined empty block range #6 to #619
Mined empty block range #6 to #620
Mined empty block range #6 to #621
Mined empty block range #6 to #622
Mined empty block range #6 to #623
Mined empty block range #6 to #624
Mined empty block range #6 to #625
Mined empty block range #6 to #626
Mined empty block range #6 to #627
Mined empty block range #6 to #628
Mined empty block range #6 to #629
Mined empty block range #6 to #630
Mined empty block range #6 to #631
Mined empty block range #6 to #632
Mined empty block range #6 to #633
Mined empty block range #6 to #634
Mined empty block range #6 to #635
Mined empty block range #6 to #636
Mined empty block range #6 to #637
Mined empty block range #6 to #638
Mined empty block range #6 to #639
Mined empty block range #6 to #640
Mined empty block range #6 to #641
Mined empty block range #6 to #642
Mined empty block range #6 to #643
Mined empty block range #6 to #644
Mined empty block range #6 to #645
Mined empty block range #6 to #646
Mined empty block range #6 to #647
Mined empty block range #6 to #648
Mined empty block range #6 to #649
Mined empty block range #6 to #650
Mined empty block range #6 to #651
Mined empty block range #6 to #652
Mined empty block range #6 to #653
Mined empty block range #6 to #654
Mined empty block range #6 to #655
Mined empty block range #6 to #656
Mined empty block range #6 to #657
Mined empty block range #6 to #658
Mined empty block range #6 to #659
Mined empty block range #6 to #660
Mined empty block range #6 to #661
Mined empty block range #6 to #662
Mined empty block range #6 to #663
Mined empty block range #6 to #664
Mined empty block range #6 to #665
Mined empty block range #6 to #666
Mined empty block range #6 to #667
Mined empty block range #6 to #668
Mined empty block range #6 to #669
Mined empty block range #6 to #670
Mined empty block range #6 to #671
Mined empty block range #6 to #672
Mined empty block range #6 to #673
Mined empty block range #6 to #674
Mined empty block range #6 to #675
Mined empty block range #6 to #676
Mined empty block range #6 to #677
Mined empty block range #6 to #678
Mined empty block range #6 to #679
Mined empty block range #6 to #680
Mined empty block range #6 to #681
Mined empty block range #6 to #682
Mined empty block range #6 to #683
Mined empty block range #6 to #684
Mined empty block range #6 to #685
Mined empty block range #6 to #686
Mined empty block range #6 to #687
Mined empty block range #6 to #688
Mined empty block range #6 to #689
Mined empty block range #6 to #690
Mined empty block range #6 to #691
Mined empty block range #6 to #692
Mined empty block range #6 to #693
Mined empty block range #6 to #694
Mined empty block range #6 to #695
Mined empty block range #6 to #696
Mined empty block range #6 to #697
Mined empty block range #6 to #698
Mined empty block range #6 to #699
Mined empty block range #6 to #700
Mined empty block range #6 to #701
Mined empty block range #6 to #702
Mined empty block range #6 to #703
Mined empty block range #6 to #704
Mined empty block range #6 to #705
Mined empty block range #6 to #706
Mined empty block range #6 to #707
Mined empty block range #6 to #708
Mined empty block range #6 to #709
Mined empty block range #6 to #710
Mined empty block range #6 to #711
Mined empty block range #6 to #712
Mined empty block range #6 to #713
Mined empty block range #6 to #714
Mined empty block range #6 to #715
Mined empty block range #6 to #716
Mined empty block range #6 to #717
Mined empty block range #6 to #718
Mined empty block range #6 to #719
Mined empty block range #6 to #720
Mined empty block range #6 to #721
Mined empty block range #6 to #722
Mined empty block range #6 to #723
Mined empty block range #6 to #724
Mined empty block range #6 to #725
Mined empty block range #6 to #726
Mined empty block range #6 to #727
Mined empty block range #6 to #728
Mined empty block range #6 to #729
Mined empty block range #6 to #730
Mined empty block range #6 to #731
Mined empty block range #6 to #732
Mined empty block range #6 to #733
Mined empty block range #6 to #734
Mined empty block range #6 to #735
Mined empty block range #6 to #736
Mined empty block range #6 to #737
Mined empty block range #6 to #738
Mined empty block range #6 to #739
Mined empty block range #6 to #740
Mined empty block range #6 to #741
Mined empty block range #6 to #742
Mined empty block range #6 to #743
Mined empty block range #6 to #744
Mined empty block range #6 to #745
Mined empty block range #6 to #746
Mined empty block range #6 to #747
Mined empty block range #6 to #748
Mined empty block range #6 to #749
Mined empty block range #6 to #750
Mined empty block range #6 to #751
Mined empty block range #6 to #752
Mined empty block range #6 to #753
Mined empty block range #6 to #754
Mined empty block range #6 to #755
Mined empty block range #6 to #756
Mined empty block range #6 to #757
Mined empty block range #6 to #758
Mined empty block range #6 to #759
Mined empty block range #6 to #760
Mined empty block range #6 to #761
Mined empty block range #6 to #762
Mined empty block range #6 to #763
Mined empty block range #6 to #764
Mined empty block range #6 to #765
Mined empty block range #6 to #766
Mined empty block range #6 to #767
Mined empty block range #6 to #768
Mined empty block range #6 to #769
Mined empty block range #6 to #770
Mined empty block range #6 to #771
Mined empty block range #6 to #772
Mined empty block range #6 to #773
Mined empty block range #6 to #774
Mined empty block range #6 to #775
Mined empty block range #6 to #776
Mined empty block range #6 to #777
Mined empty block range #6 to #778
Mined empty block range #6 to #779
Mined empty block range #6 to #780
Mined empty block range #6 to #781
Mined empty block range #6 to #782
Mined empty block range #6 to #783
Mined empty block range #6 to #784
Mined empty block range #6 to #785
Mined empty block range #6 to #786
Mined empty block range #6 to #787
Mined empty block range #6 to #788
Mined empty block range #6 to #789
Mined empty block range #6 to #790
Mined empty block range #6 to #791
Mined empty block range #6 to #792
Mined empty block range #6 to #793
Mined empty block range #6 to #794
Mined empty block range #6 to #795
Mined empty block range #6 to #796
Mined empty block range #6 to #797
Mined empty block range #6 to #798
Mined empty block range #6 to #799
Mined empty block range #6 to #800
Mined empty block range #6 to #801
Mined empty block range #6 to #802
Mined empty block range #6 to #803
Mined empty block range #6 to #804
Mined empty block range #6 to #805
Mined empty block range #6 to #806
Mined empty block range #6 to #807
Mined empty block range #6 to #808
Mined empty block range #6 to #809
Mined empty block range #6 to #810
Mined empty block range #6 to #811
Mined empty block range #6 to #812
Mined empty block range #6 to #813
Mined empty block range #6 to #814
Mined empty block range #6 to #815
Mined empty block range #6 to #816
Mined empty block range #6 to #817
Mined empty block range #6 to #818
Mined empty block range #6 to #819
Mined empty block range #6 to #820
Mined empty block range #6 to #821
Mined empty block range #6 to #822
Mined empty block range #6 to #823
Mined empty block range #6 to #824
Mined empty block range #6 to #825
Mined empty block range #6 to #826
Mined empty block range #6 to #827
Mined empty block range #6 to #828
Mined empty block range #6 to #829
Mined empty block range #6 to #830
Mined empty block range #6 to #831
Mined empty block range #6 to #832
Mined empty block range #6 to #833
Mined empty block range #6 to #834
Mined empty block range #6 to #835
Mined empty block range #6 to #836
Mined empty block range #6 to #837
Mined empty block range #6 to #838
Mined empty block range #6 to #839
Mined empty block range #6 to #840
Mined empty block range #6 to #841
Mined empty block range #6 to #842
Mined empty block range #6 to #843
Mined empty block range #6 to #844
Mined empty block range #6 to #845
Mined empty block range #6 to #846
Mined empty block range #6 to #847
Mined empty block range #6 to #848
Mined empty block range #6 to #849
Mined empty block range #6 to #850
Mined empty block range #6 to #851
Mined empty block range #6 to #852
Mined empty block range #6 to #853
Mined empty block range #6 to #854
Mined empty block range #6 to #855
Mined empty block range #6 to #856
Mined empty block range #6 to #857
Mined empty block range #6 to #858
Mined empty block range #6 to #859
Mined empty block range #6 to #860
Mined empty block range #6 to #861
Mined empty block range #6 to #862
Mined empty block range #6 to #863
Mined empty block range #6 to #864
Mined empty block range #6 to #865
Mined empty block range #6 to #866
Mined empty block range #6 to #867
Mined empty block range #6 to #868
Mined empty block range #6 to #869
Mined empty block range #6 to #870
Mined empty block range #6 to #871
Mined empty block range #6 to #872
Mined empty block range #6 to #873
Mined empty block range #6 to #874
Mined empty block range #6 to #875
Mined empty block range #6 to #876
Mined empty block range #6 to #877
Mined empty block range #6 to #878
Mined empty block range #6 to #879
Mined empty block range #6 to #880
Mined empty block range #6 to #881
Mined empty block range #6 to #882
Mined empty block range #6 to #883
Mined empty block range #6 to #884
Mined empty block range #6 to #885
Mined empty block range #6 to #886
Mined empty block range #6 to #887
Mined empty block range #6 to #888
Mined empty block range #6 to #889
Mined empty block range #6 to #890
Mined empty block range #6 to #891
Mined empty block range #6 to #892
Mined empty block range #6 to #893
Mined empty block range #6 to #894
Mined empty block range #6 to #895
Mined empty block range #6 to #896
Mined empty block range #6 to #897
Mined empty block range #6 to #898
Mined empty block range #6 to #899
Mined empty block range #6 to #900
Mined empty block range #6 to #901
Mined empty block range #6 to #902
Mined empty block range #6 to #903
Mined empty block range #6 to #904
Mined empty block range #6 to #905
Mined empty block range #6 to #906
Mined empty block range #6 to #907
Mined empty block range #6 to #908
Mined empty block range #6 to #909
Mined empty block range #6 to #910
Mined empty block range #6 to #911
Mined empty block range #6 to #912
Mined empty block range #6 to #913
Mined empty block range #6 to #914
Mined empty block range #6 to #915
Mined empty block range #6 to #916
Mined empty block range #6 to #917
Mined empty block range #6 to #918
Mined empty block range #6 to #919
Mined empty block range #6 to #920
Mined empty block range #6 to #921
Mined empty block range #6 to #922
Mined empty block range #6 to #923
Mined empty block range #6 to #924
Mined empty block range #6 to #925
Mined empty block range #6 to #926
Mined empty block range #6 to #927
Mined empty block range #6 to #928
Mined empty block range #6 to #929
Mined empty block range #6 to #930
Mined empty block range #6 to #931
Mined empty block range #6 to #932
Mined empty block range #6 to #933
Mined empty block range #6 to #934
Mined empty block range #6 to #935
Mined empty block range #6 to #936
Mined empty block range #6 to #937
Mined empty block range #6 to #938
Mined empty block range #6 to #939
Mined empty block range #6 to #940
Mined empty block range #6 to #941
Mined empty block range #6 to #942
Mined empty block range #6 to #943
Mined empty block range #6 to #944
Mined empty block range #6 to #945
Mined empty block range #6 to #946
Mined empty block range #6 to #947
Mined empty block range #6 to #948
Mined empty block range #6 to #949
Mined empty block range #6 to #950
Mined empty block range #6 to #951
Mined empty block range #6 to #952
Mined empty block range #6 to #953
Mined empty block range #6 to #954
Mined empty block range #6 to #955
Mined empty block range #6 to #956
Mined empty block range #6 to #957
Mined empty block range #6 to #958
Mined empty block range #6 to #959
Mined empty block range #6 to #960
Mined empty block range #6 to #961
Mined empty block range #6 to #962
Mined empty block range #6 to #963
Mined empty block range #6 to #964
Mined empty block range #6 to #965
Mined empty block range #6 to #966
Mined empty block range #6 to #967
Mined empty block range #6 to #968
Mined empty block range #6 to #969
Mined empty block range #6 to #970
Mined empty block range #6 to #971
Mined empty block range #6 to #972
Mined empty block range #6 to #973
Mined empty block range #6 to #974
Mined empty block range #6 to #975
Mined empty block range #6 to #976
Mined empty block range #6 to #977
Mined empty block range #6 to #978
Mined empty block range #6 to #979
Mined empty block range #6 to #980
Mined empty block range #6 to #981
Mined empty block range #6 to #982
Mined empty block range #6 to #983
Mined empty block range #6 to #984
Mined empty block range #6 to #985
Mined empty block range #6 to #986
Mined empty block range #6 to #987
Mined empty block range #6 to #988
Mined empty block range #6 to #989
Mined empty block range #6 to #990
Mined empty block range #6 to #991
Mined empty block range #6 to #992
Mined empty block range #6 to #993
Mined empty block range #6 to #994
Mined empty block range #6 to #995
Mined empty block range #6 to #996
Mined empty block range #6 to #997
Mined empty block range #6 to #998
Mined empty block range #6 to #999
Mined empty block range #6 to #1000
Mined empty block range #6 to #1001
Mined empty block range #6 to #1002
Mined empty block range #6 to #1003
Mined empty block range #6 to #1004
Mined empty block range #6 to #1005
Mined empty block range #6 to #1006
Mined empty block range #6 to #1007
Mined empty block range #6 to #1008
Mined empty block range #6 to #1009
Mined empty block range #6 to #1010
Mined empty block range #6 to #1011
Mined empty block range #6 to #1012
Mined empty block range #6 to #1013
Mined empty block range #6 to #1014
Mined empty block range #6 to #1015
Mined empty block range #6 to #1016
Mined empty block range #6 to #1017
Mined empty block range #6 to #1018
Mined empty block range #6 to #1019
Mined empty block range #6 to #1020
Mined empty block range #6 to #1021
Mined empty block range #6 to #1022
Mined empty block range #6 to #1023
Mined empty block range #6 to #1024
Mined empty block range #6 to #1025
Mined empty block range #6 to #1026
Mined empty block range #6 to #1027
Mined empty block range #6 to #1028
Mined empty block range #6 to #1029
Mined empty block range #6 to #1030
Mined empty block range #6 to #1031
Mined empty block range #6 to #1032
Mined empty block range #6 to #1033
Mined empty block range #6 to #1034
Mined empty block range #6 to #1035
Mined empty block range #6 to #1036
Mined empty block range #6 to #1037
Mined empty block range #6 to #1038
Mined empty block range #6 to #1039
Mined empty block range #6 to #1040
Mined empty block range #6 to #1041
Mined empty block range #6 to #1042
Mined empty block range #6 to #1043
Mined empty block range #6 to #1044
Mined empty block range #6 to #1045
Mined empty block range #6 to #1046
Mined empty block range #6 to #1047
Mined empty block range #6 to #1048
Mined empty block range #6 to #1049
Mined empty block range #6 to #1050
Mined empty block range #6 to #1051
Mined empty block range #6 to #1052
Mined empty block range #6 to #1053
Mined empty block range #6 to #1054
Mined empty block range #6 to #1055
Mined empty block range #6 to #1056
Mined empty block range #6 to #1057
Mined empty block range #6 to #1058
Mined empty block range #6 to #1059
Mined empty block range #6 to #1060
Mined empty block range #6 to #1061
Mined empty block range #6 to #1062
Mined empty block range #6 to #1063
Mined empty block range #6 to #1064
Mined empty block range #6 to #1065
Mined empty block range #6 to #1066
Mined empty block range #6 to #1067
Mined empty block range #6 to #1068
Mined empty block range #6 to #1069
Mined empty block range #6 to #1070
Mined empty block range #6 to #1071
Mined empty block range #6 to #1072
Mined empty block range #6 to #1073
Mined empty block range #6 to #1074
Mined empty block range #6 to #1075
Mined empty block range #6 to #1076
Mined empty block range #6 to #1077
Mined empty block range #6 to #1078
Mined empty block range #6 to #1079
Mined empty block range #6 to #1080
Mined empty block range #6 to #1081
Mined empty block range #6 to #1082
Mined empty block range #6 to #1083
Mined empty block range #6 to #1084
Mined empty block range #6 to #1085
Mined empty block range #6 to #1086
Mined empty block range #6 to #1087
Mined empty block range #6 to #1088
Mined empty block range #6 to #1089
Mined empty block range #6 to #1090
Mined empty block range #6 to #1091
Mined empty block range #6 to #1092
Mined empty block range #6 to #1093
Mined empty block range #6 to #1094
Mined empty block range #6 to #1095
Mined empty block range #6 to #1096
Mined empty block range #6 to #1097
Mined empty block range #6 to #1098
Mined empty block range #6 to #1099
Mined empty block range #6 to #1100
Mined empty block range #6 to #1101
Mined empty block range #6 to #1102
Mined empty block range #6 to #1103
Mined empty block range #6 to #1104
Mined empty block range #6 to #1105
Mined empty block range #6 to #1106
Mined empty block range #6 to #1107
Mined empty block range #6 to #1108
Mined empty block range #6 to #1109
Mined empty block range #6 to #1110
Mined empty block range #6 to #1111
Mined empty block range #6 to #1112
Mined empty block range #6 to #1113
Mined empty block range #6 to #1114
Mined empty block range #6 to #1115
Mined empty block range #6 to #1116
Mined empty block range #6 to #1117
Mined empty block range #6 to #1118
Mined empty block range #6 to #1119
Mined empty block range #6 to #1120
Mined empty block range #6 to #1121
Mined empty block range #6 to #1122
Mined empty block range #6 to #1123
Mined empty block range #6 to #1124
Mined empty block range #6 to #1125
Mined empty block range #6 to #1126
Mined empty block range #6 to #1127
Mined empty block range #6 to #1128
Mined empty block range #6 to #1129
Mined empty block range #6 to #1130
Mined empty block range #6 to #1131
Mined empty block range #6 to #1132
Mined empty block range #6 to #1133
Mined empty block range #6 to #1134
Mined empty block range #6 to #1135
Mined empty block range #6 to #1136
Mined empty block range #6 to #1137
Mined empty block range #6 to #1138
Mined empty block range #6 to #1139
Mined empty block range #6 to #1140
Mined empty block range #6 to #1141
Mined empty block range #6 to #1142
Mined empty block range #6 to #1143
Mined empty block range #6 to #1144
Mined empty block range #6 to #1145
Mined empty block range #6 to #1146
Mined empty block range #6 to #1147
Mined empty block range #6 to #1148
Mined empty block range #6 to #1149
Mined empty block range #6 to #1150
Mined empty block range #6 to #1151
Mined empty block range #6 to #1152
Mined empty block range #6 to #1153
Mined empty block range #6 to #1154
Mined empty block range #6 to #1155
Mined empty block range #6 to #1156
Mined empty block range #6 to #1157
Mined empty block range #6 to #1158
Mined empty block range #6 to #1159
Mined empty block range #6 to #1160
Mined empty block range #6 to #1161
Mined empty block range #6 to #1162
Mined empty block range #6 to #1163
Mined empty block range #6 to #1164
Mined empty block range #6 to #1165
Mined empty block range #6 to #1166
Mined empty block range #6 to #1167
Mined empty block range #6 to #1168
Mined empty block range #6 to #1169
Mined empty block range #6 to #1170
Mined empty block range #6 to #1171
Mined empty block range #6 to #1172
Mined empty block range #6 to #1173
Mined empty block range #6 to #1174
Mined empty block range #6 to #1175
Mined empty block range #6 to #1176
Mined empty block range #6 to #1177
Mined empty block range #6 to #1178
Mined empty block range #6 to #1179
Mined empty block range #6 to #1180
Mined empty block range #6 to #1181
Mined empty block range #6 to #1182
Mined empty block range #6 to #1183
Mined empty block range #6 to #1184
Mined empty block range #6 to #1185
Mined empty block range #6 to #1186
Mined empty block range #6 to #1187
Mined empty block range #6 to #1188
Mined empty block range #6 to #1189
Mined empty block range #6 to #1190
Mined empty block range #6 to #1191
Mined empty block range #6 to #1192
Mined empty block range #6 to #1193
Mined empty block range #6 to #1194
Mined empty block range #6 to #1195
Mined empty block range #6 to #1196
Mined empty block range #6 to #1197
Mined empty block range #6 to #1198
Mined empty block range #6 to #1199
Mined empty block range #6 to #1200
Mined empty block range #6 to #1201
Mined empty block range #6 to #1202
Mined empty block range #6 to #1203
Mined empty block range #6 to #1204
Mined empty block range #6 to #1205
Mined empty block range #6 to #1206
Mined empty block range #6 to #1207
Mined empty block range #6 to #1208
Mined empty block range #6 to #1209
Mined empty block range #6 to #1210
Mined empty block range #6 to #1211
Mined empty block range #6 to #1212
Mined empty block range #6 to #1213
Mined empty block range #6 to #1214
Mined empty block range #6 to #1215
Mined empty block range #6 to #1216
Mined empty block range #6 to #1217
Mined empty block range #6 to #1218
Mined empty block range #6 to #1219
Mined empty block range #6 to #1220
Mined empty block range #6 to #1221
Mined empty block range #6 to #1222
Mined empty block range #6 to #1223
Mined empty block range #6 to #1224
Mined empty block range #6 to #1225
Mined empty block range #6 to #1226
Mined empty block range #6 to #1227
Mined empty block range #6 to #1228
Mined empty block range #6 to #1229
Mined empty block range #6 to #1230
Mined empty block range #6 to #1231
Mined empty block range #6 to #1232
Mined empty block range #6 to #1233
Mined empty block range #6 to #1234
Mined empty block range #6 to #1235
Mined empty block range #6 to #1236
Mined empty block range #6 to #1237
Mined empty block range #6 to #1238
Mined empty block range #6 to #1239
Mined empty block range #6 to #1240
Mined empty block range #6 to #1241
Mined empty block range #6 to #1242
Mined empty block range #6 to #1243
Mined empty block range #6 to #1244
Mined empty block range #6 to #1245
Mined empty block range #6 to #1246
Mined empty block range #6 to #1247
Mined empty block range #6 to #1248
Mined empty block range #6 to #1249
Mined empty block range #6 to #1250
Mined empty block range #6 to #1251
Mined empty block range #6 to #1252
Mined empty block range #6 to #1253
Mined empty block range #6 to #1254
Mined empty block range #6 to #1255
Mined empty block range #6 to #1256
Mined empty block range #6 to #1257
Mined empty block range #6 to #1258
Mined empty block range #6 to #1259
Mined empty block range #6 to #1260
Mined empty block range #6 to #1261
Mined empty block range #6 to #1262
Mined empty block range #6 to #1263
Mined empty block range #6 to #1264
Mined empty block range #6 to #1265
Mined empty block range #6 to #1266
Mined empty block range #6 to #1267
Mined empty block range #6 to #1268
Mined empty block range #6 to #1269
Mined empty block range #6 to #1270
Mined empty block range #6 to #1271
Mined empty block range #6 to #1272
Mined empty block range #6 to #1273
Mined empty block range #6 to #1274
Mined empty block range #6 to #1275
Mined empty block range #6 to #1276
Mined empty block range #6 to #1277
Mined empty block range #6 to #1278
Mined empty block range #6 to #1279
Mined empty block range #6 to #1280
Mined empty block range #6 to #1281
Mined empty block range #6 to #1282
Mined empty block range #6 to #1283
Mined empty block range #6 to #1284
Mined empty block range #6 to #1285
Mined empty block range #6 to #1286
Mined empty block range #6 to #1287
Mined empty block range #6 to #1288
Mined empty block range #6 to #1289
Mined empty block range #6 to #1290
Mined empty block range #6 to #1291
Mined empty block range #6 to #1292
